  pch.cpp
  Engine.cpp
  Window.cpp
  DDSTextureLoader.cpp
  Camera.cpp
  Collider.cpp
  Component.cpp
  Mesh.cpp
  MeshRenderer.cpp
  ScriptComponent.cpp
  Shader.cpp
  UI.cpp
  Texture.cpp
  Transform.cpp
  GameObject.cpp
  ComponentManager.cpp
  GameObjectManager.cpp
  Input.cpp
  ResourceManager.cpp
  StateMachine.cpp
  Time.cpp
  main.cpp
  Graphics.cpp
  Resources.cpp
  Utils.cpp
x64\Debug\pch.obj : warning LNK4042: objet spécifié plus d'une fois ; définitions supplémentaires ignorées
  Engine.vcxproj -> F:\DX12GameEngine-j_v2\DX12GameEngine-j_v2\x64\Debug\Engine.lib
