c:\users\jkillingback\downloads\dx12gameengine-naelle_v1\dx12gameengine-naelle_v1\engine\x64\debug\engine.pch
c:\users\jkillingback\downloads\dx12gameengine-naelle_v1\dx12gameengine-naelle_v1\x64\debug\engine.pdb
c:\users\jkillingback\downloads\dx12gameengine-naelle_v1\dx12gameengine-naelle_v1\x64\debug\engine.idb
c:\users\jkillingback\downloads\dx12gameengine-naelle_v1\dx12gameengine-naelle_v1\engine\x64\debug\pch.obj
c:\users\jkillingback\downloads\dx12gameengine-naelle_v1\dx12gameengine-naelle_v1\engine\x64\debug\engine.obj
c:\users\jkillingback\downloads\dx12gameengine-naelle_v1\dx12gameengine-naelle_v1\engine\x64\debug\window.obj
c:\users\jkillingback\downloads\dx12gameengine-naelle_v1\dx12gameengine-naelle_v1\engine\x64\debug\ddstextureloader.obj
c:\users\jkillingback\downloads\dx12gameengine-naelle_v1\dx12gameengine-naelle_v1\engine\x64\debug\camera.obj
c:\users\jkillingback\downloads\dx12gameengine-naelle_v1\dx12gameengine-naelle_v1\engine\x64\debug\collider.obj
c:\users\jkillingback\downloads\dx12gameengine-naelle_v1\dx12gameengine-naelle_v1\engine\x64\debug\component.obj
c:\users\jkillingback\downloads\dx12gameengine-naelle_v1\dx12gameengine-naelle_v1\engine\x64\debug\mesh.obj
c:\users\jkillingback\downloads\dx12gameengine-naelle_v1\dx12gameengine-naelle_v1\engine\x64\debug\meshrenderer.obj
c:\users\jkillingback\downloads\dx12gameengine-naelle_v1\dx12gameengine-naelle_v1\engine\x64\debug\scriptcomponent.obj
c:\users\jkillingback\downloads\dx12gameengine-naelle_v1\dx12gameengine-naelle_v1\engine\x64\debug\shader.obj
c:\users\jkillingback\downloads\dx12gameengine-naelle_v1\dx12gameengine-naelle_v1\engine\x64\debug\texture.obj
c:\users\jkillingback\downloads\dx12gameengine-naelle_v1\dx12gameengine-naelle_v1\engine\x64\debug\transform.obj
c:\users\jkillingback\downloads\dx12gameengine-naelle_v1\dx12gameengine-naelle_v1\engine\x64\debug\gameobject.obj
c:\users\jkillingback\downloads\dx12gameengine-naelle_v1\dx12gameengine-naelle_v1\engine\x64\debug\componentmanager.obj
c:\users\jkillingback\downloads\dx12gameengine-naelle_v1\dx12gameengine-naelle_v1\engine\x64\debug\gameobjectmanager.obj
c:\users\jkillingback\downloads\dx12gameengine-naelle_v1\dx12gameengine-naelle_v1\engine\x64\debug\input.obj
c:\users\jkillingback\downloads\dx12gameengine-naelle_v1\dx12gameengine-naelle_v1\engine\x64\debug\resourcemanager.obj
c:\users\jkillingback\downloads\dx12gameengine-naelle_v1\dx12gameengine-naelle_v1\engine\x64\debug\statemachine.obj
c:\users\jkillingback\downloads\dx12gameengine-naelle_v1\dx12gameengine-naelle_v1\engine\x64\debug\time.obj
c:\users\jkillingback\downloads\dx12gameengine-naelle_v1\dx12gameengine-naelle_v1\engine\x64\debug\main.obj
c:\users\jkillingback\downloads\dx12gameengine-naelle_v1\dx12gameengine-naelle_v1\engine\x64\debug\graphics.obj
c:\users\jkillingback\downloads\dx12gameengine-naelle_v1\dx12gameengine-naelle_v1\engine\x64\debug\resources.obj
c:\users\jkillingback\downloads\dx12gameengine-naelle_v1\dx12gameengine-naelle_v1\engine\x64\debug\utils.obj
c:\users\jkillingback\downloads\dx12gameengine-naelle_v1\dx12gameengine-naelle_v1\x64\debug\engine.lib
c:\users\jkillingback\downloads\dx12gameengine-naelle_v1\dx12gameengine-naelle_v1\engine\x64\debug\engine.tlog\cl.command.1.tlog
c:\users\jkillingback\downloads\dx12gameengine-naelle_v1\dx12gameengine-naelle_v1\engine\x64\debug\engine.tlog\cl.items.tlog
c:\users\jkillingback\downloads\dx12gameengine-naelle_v1\dx12gameengine-naelle_v1\engine\x64\debug\engine.tlog\cl.read.1.tlog
c:\users\jkillingback\downloads\dx12gameengine-naelle_v1\dx12gameengine-naelle_v1\engine\x64\debug\engine.tlog\cl.write.1.tlog
c:\users\jkillingback\downloads\dx12gameengine-naelle_v1\dx12gameengine-naelle_v1\engine\x64\debug\engine.tlog\lib-link.read.1.tlog
c:\users\jkillingback\downloads\dx12gameengine-naelle_v1\dx12gameengine-naelle_v1\engine\x64\debug\engine.tlog\lib-link.write.1.tlog
c:\users\jkillingback\downloads\dx12gameengine-naelle_v1\dx12gameengine-naelle_v1\engine\x64\debug\engine.tlog\lib.command.1.tlog
