c:\users\jkillingback\downloads\dx12gameengine-naelle_v1\dx12gameengine-naelle_v1\game\x64\debug\game.pch
c:\users\jkillingback\downloads\dx12gameengine-naelle_v1\dx12gameengine-naelle_v1\game\x64\debug\vc143.pdb
c:\users\jkillingback\downloads\dx12gameengine-naelle_v1\dx12gameengine-naelle_v1\game\x64\debug\vc143.idb
c:\users\jkillingback\downloads\dx12gameengine-naelle_v1\dx12gameengine-naelle_v1\game\x64\debug\main.obj
c:\users\jkillingback\downloads\dx12gameengine-naelle_v1\dx12gameengine-naelle_v1\game\x64\debug\gamemanager.obj
c:\users\jkillingback\downloads\dx12gameengine-naelle_v1\dx12gameengine-naelle_v1\game\x64\debug\stdafx.obj
c:\users\jkillingback\downloads\dx12gameengine-naelle_v1\dx12gameengine-naelle_v1\game\x64\debug\game.ilk
c:\users\jkillingback\downloads\dx12gameengine-naelle_v1\dx12gameengine-naelle_v1\x64\debug\game.exe
c:\users\jkillingback\downloads\dx12gameengine-naelle_v1\dx12gameengine-naelle_v1\x64\debug\game.pdb
c:\users\jkillingback\downloads\dx12gameengine-naelle_v1\dx12gameengine-naelle_v1\game\x64\debug\game.res
c:\users\jkillingback\downloads\dx12gameengine-naelle_v1\dx12gameengine-naelle_v1\game\x64\debug\game.tlog\cl.command.1.tlog
c:\users\jkillingback\downloads\dx12gameengine-naelle_v1\dx12gameengine-naelle_v1\game\x64\debug\game.tlog\cl.items.tlog
c:\users\jkillingback\downloads\dx12gameengine-naelle_v1\dx12gameengine-naelle_v1\game\x64\debug\game.tlog\cl.read.1.tlog
c:\users\jkillingback\downloads\dx12gameengine-naelle_v1\dx12gameengine-naelle_v1\game\x64\debug\game.tlog\cl.write.1.tlog
c:\users\jkillingback\downloads\dx12gameengine-naelle_v1\dx12gameengine-naelle_v1\game\x64\debug\game.tlog\link.command.1.tlog
c:\users\jkillingback\downloads\dx12gameengine-naelle_v1\dx12gameengine-naelle_v1\game\x64\debug\game.tlog\link.read.1.tlog
c:\users\jkillingback\downloads\dx12gameengine-naelle_v1\dx12gameengine-naelle_v1\game\x64\debug\game.tlog\link.write.1.tlog
c:\users\jkillingback\downloads\dx12gameengine-naelle_v1\dx12gameengine-naelle_v1\game\x64\debug\game.tlog\rc.command.1.tlog
c:\users\jkillingback\downloads\dx12gameengine-naelle_v1\dx12gameengine-naelle_v1\game\x64\debug\game.tlog\rc.read.1.tlog
c:\users\jkillingback\downloads\dx12gameengine-naelle_v1\dx12gameengine-naelle_v1\game\x64\debug\game.tlog\rc.write.1.tlog
